2024-02-23 16:27:26.286  INFO 102914 --- [restartedMain] c.t.proyectoApi.ProyectoApiApplication   : Starting ProyectoApiApplication using Java 17.0.8 on jesus-HP-Pavilion-Laptop-15-cw1xxx with PID 102914 (/home/jesus/Documentos/modular/Modular-Web/JavaSpring/Psychologi2/target/classes started by jesus in /home/jesus/Documentos/modular/Modular-Web/JavaSpring/Psychologi2)
2024-02-23 16:27:26.289  INFO 102914 --- [restartedMain] c.t.proyectoApi.ProyectoApiApplication   : No active profile set, falling back to 1 default profile: "default"
2024-02-23 16:27:26.379  INFO 102914 --- [restartedMain] .e.DevToolsPropertyDefaultsPostProcessor : Devtools property defaults active! Set 'spring.devtools.add-properties' to 'false' to disable
2024-02-23 16:27:26.380  INFO 102914 --- [restartedMain] .e.DevToolsPropertyDefaultsPostProcessor : For additional web related logging consider setting the 'logging.level.web' property to 'DEBUG'
2024-02-23 16:27:27.556  INFO 102914 --- [restartedMain] .s.d.r.c.RepositoryConfigurationDelegate : Bootstrapping Spring Data JPA repositories in DEFAULT mode.
2024-02-23 16:27:27.646  INFO 102914 --- [restartedMain] .s.d.r.c.RepositoryConfigurationDelegate : Finished Spring Data repository scanning in 74 ms. Found 5 JPA repository interfaces.
2024-02-23 16:27:28.640  INFO 102914 --- [restartedMain] o.s.b.w.embedded.tomcat.TomcatWebServer  : Tomcat initialized with port(s): 8080 (http)
2024-02-23 16:27:28.654  INFO 102914 --- [restartedMain] o.apache.catalina.core.StandardService   : Starting service [Tomcat]
2024-02-23 16:27:28.655  INFO 102914 --- [restartedMain] org.apache.catalina.core.StandardEngine  : Starting Servlet engine: [Apache Tomcat/9.0.68]
2024-02-23 16:27:28.753  INFO 102914 --- [restartedMain] o.a.c.c.C.[Tomcat].[localhost].[/]       : Initializing Spring embedded WebApplicationContext
2024-02-23 16:27:28.754  INFO 102914 --- [restartedMain] w.s.c.ServletWebServerApplicationContext : Root WebApplicationContext: initialization completed in 2373 ms
2024-02-23 16:27:29.114  INFO 102914 --- [restartedMain] o.hibernate.jpa.internal.util.LogHelper  : HHH000204: Processing PersistenceUnitInfo [name: default]
2024-02-23 16:27:29.202  INFO 102914 --- [restartedMain] org.hibernate.Version                    : HHH000412: Hibernate ORM core version 5.6.12.Final
2024-02-23 16:27:29.449  INFO 102914 --- [restartedMain] o.hibernate.annotations.common.Version   : HCANN000001: Hibernate Commons Annotations {5.1.2.Final}
2024-02-23 16:27:29.605  INFO 102914 --- [restartedMain] com.zaxxer.hikari.HikariDataSource       : HikariPool-1 - Starting...
2024-02-23 16:27:29.997  INFO 102914 --- [restartedMain] com.zaxxer.hikari.HikariDataSource       : HikariPool-1 - Start completed.
2024-02-23 16:27:30.021  INFO 102914 --- [restartedMain] org.hibernate.dialect.Dialect            : HHH000400: Using dialect: org.hibernate.dialect.MySQL57Dialect
2024-02-23 16:27:31.184  INFO 102914 --- [restartedMain] o.h.e.t.j.p.i.JtaPlatformInitiator       : HHH000490: Using JtaPlatform implementation: [org.hibernate.engine.transaction.jta.platform.internal.NoJtaPlatform]
2024-02-23 16:27:31.196  INFO 102914 --- [restartedMain] j.LocalContainerEntityManagerFactoryBean : Initialized JPA EntityManagerFactory for persistence unit 'default'
2024-02-23 16:27:32.228  WARN 102914 --- [restartedMain] JpaBaseConfiguration$JpaWebConfiguration : spring.jpa.open-in-view is enabled by default. Therefore, database queries may be performed during view rendering. Explicitly configure spring.jpa.open-in-view to disable this warning
2024-02-23 16:27:32.713  INFO 102914 --- [restartedMain] o.s.s.web.DefaultSecurityFilterChain     : Will secure any request with [org.springframework.security.web.session.DisableEncodeUrlFilter@31553d3f, org.springframework.security.web.session.ForceEagerSessionCreationFilter@285ede39, org.springframework.security.web.session.ForceEagerSessionCreationFilter@35068a1f, org.springframework.security.web.context.request.async.WebAsyncManagerIntegrationFilter@2f5a9a6f, org.springframework.security.web.context.SecurityContextPersistenceFilter@4d1f1253, org.springframework.security.web.header.HeaderWriterFilter@1678b8f4, org.springframework.security.web.authentication.logout.LogoutFilter@1ee2b868, org.springframework.security.web.authentication.UsernamePasswordAuthenticationFilter@21fdd08, org.springframework.security.web.authentication.ui.DefaultLoginPageGeneratingFilter@112c44ed, org.springframework.security.web.authentication.ui.DefaultLogoutPageGeneratingFilter@6ab57421, org.springframework.security.web.authentication.www.BasicAuthenticationFilter@1e532a0f, org.springframework.security.web.savedrequest.RequestCacheAwareFilter@210e3eb9, org.springframework.security.web.servletapi.SecurityContextHolderAwareRequestFilter@20591ef5, org.springframework.security.web.authentication.AnonymousAuthenticationFilter@7211108d, org.springframework.security.web.session.SessionManagementFilter@6d742ebb, org.springframework.security.web.access.ExceptionTranslationFilter@32230842, org.springframework.security.web.access.intercept.FilterSecurityInterceptor@46e34ba7]
2024-02-23 16:27:32.818  INFO 102914 --- [restartedMain] o.s.b.d.a.OptionalLiveReloadServer       : LiveReload server is running on port 35729
2024-02-23 16:27:33.104  INFO 102914 --- [restartedMain] o.s.b.w.embedded.tomcat.TomcatWebServer  : Tomcat started on port(s): 8080 (http) with context path ''
2024-02-23 16:27:33.797  INFO 102914 --- [restartedMain] c.t.proyectoApi.ProyectoApiApplication   : Started ProyectoApiApplication in 8.257 seconds (JVM running for 9.03)
2024-02-23 16:28:15.206  INFO 102914 --- [http-nio-8080-exec-1] o.a.c.c.C.[Tomcat].[localhost].[/]       : Initializing Spring DispatcherServlet 'dispatcherServlet'
2024-02-23 16:28:15.206  INFO 102914 --- [http-nio-8080-exec-1] o.s.web.servlet.DispatcherServlet        : Initializing Servlet 'dispatcherServlet'
2024-02-23 16:28:15.208  INFO 102914 --- [http-nio-8080-exec-1] o.s.web.servlet.DispatcherServlet        : Completed initialization in 1 ms
2024-02-23 16:31:48.634  INFO 102914 --- [SpringApplicationShutdownHook] j.LocalContainerEntityManagerFactoryBean : Closing JPA EntityManagerFactory for persistence unit 'default'
2024-02-23 16:31:48.639  INFO 102914 --- [SpringApplicationShutdownHook] com.zaxxer.hikari.HikariDataSource       : HikariPool-1 - Shutdown initiated...
2024-02-23 16:31:48.653  INFO 102914 --- [SpringApplicationShutdownHook] com.zaxxer.hikari.HikariDataSource       : HikariPool-1 - Shutdown completed.
2024-02-23 16:31:54.551  INFO 103413 --- [restartedMain] c.t.proyectoApi.ProyectoApiApplication   : Starting ProyectoApiApplication using Java 17.0.8 on jesus-HP-Pavilion-Laptop-15-cw1xxx with PID 103413 (/home/jesus/Documentos/modular/Modular-Web/JavaSpring/Psychologi2/target/classes started by jesus in /home/jesus/Documentos/modular/Modular-Web/JavaSpring/Psychologi2)
2024-02-23 16:31:54.554  INFO 103413 --- [restartedMain] c.t.proyectoApi.ProyectoApiApplication   : No active profile set, falling back to 1 default profile: "default"
2024-02-23 16:31:54.631  INFO 103413 --- [restartedMain] .e.DevToolsPropertyDefaultsPostProcessor : Devtools property defaults active! Set 'spring.devtools.add-properties' to 'false' to disable
2024-02-23 16:31:54.632  INFO 103413 --- [restartedMain] .e.DevToolsPropertyDefaultsPostProcessor : For additional web related logging consider setting the 'logging.level.web' property to 'DEBUG'
2024-02-23 16:31:55.970  INFO 103413 --- [restartedMain] .s.d.r.c.RepositoryConfigurationDelegate : Bootstrapping Spring Data JPA repositories in DEFAULT mode.
2024-02-23 16:31:56.074  INFO 103413 --- [restartedMain] .s.d.r.c.RepositoryConfigurationDelegate : Finished Spring Data repository scanning in 84 ms. Found 5 JPA repository interfaces.
2024-02-23 16:31:57.083  INFO 103413 --- [restartedMain] o.s.b.w.embedded.tomcat.TomcatWebServer  : Tomcat initialized with port(s): 8080 (http)
2024-02-23 16:31:57.098  INFO 103413 --- [restartedMain] o.apache.catalina.core.StandardService   : Starting service [Tomcat]
2024-02-23 16:31:57.098  INFO 103413 --- [restartedMain] org.apache.catalina.core.StandardEngine  : Starting Servlet engine: [Apache Tomcat/9.0.68]
2024-02-23 16:31:57.196  INFO 103413 --- [restartedMain] o.a.c.c.C.[Tomcat].[localhost].[/]       : Initializing Spring embedded WebApplicationContext
2024-02-23 16:31:57.196  INFO 103413 --- [restartedMain] w.s.c.ServletWebServerApplicationContext : Root WebApplicationContext: initialization completed in 2562 ms
2024-02-23 16:31:57.505  INFO 103413 --- [restartedMain] o.hibernate.jpa.internal.util.LogHelper  : HHH000204: Processing PersistenceUnitInfo [name: default]
2024-02-23 16:31:57.559  INFO 103413 --- [restartedMain] org.hibernate.Version                    : HHH000412: Hibernate ORM core version 5.6.12.Final
2024-02-23 16:31:57.771  INFO 103413 --- [restartedMain] o.hibernate.annotations.common.Version   : HCANN000001: Hibernate Commons Annotations {5.1.2.Final}
2024-02-23 16:31:57.902  INFO 103413 --- [restartedMain] com.zaxxer.hikari.HikariDataSource       : HikariPool-1 - Starting...
2024-02-23 16:31:58.291  INFO 103413 --- [restartedMain] com.zaxxer.hikari.HikariDataSource       : HikariPool-1 - Start completed.
2024-02-23 16:31:58.307  INFO 103413 --- [restartedMain] org.hibernate.dialect.Dialect            : HHH000400: Using dialect: org.hibernate.dialect.MySQL57Dialect
2024-02-23 16:31:59.340  INFO 103413 --- [restartedMain] o.h.e.t.j.p.i.JtaPlatformInitiator       : HHH000490: Using JtaPlatform implementation: [org.hibernate.engine.transaction.jta.platform.internal.NoJtaPlatform]
2024-02-23 16:31:59.352  INFO 103413 --- [restartedMain] j.LocalContainerEntityManagerFactoryBean : Initialized JPA EntityManagerFactory for persistence unit 'default'
2024-02-23 16:32:00.888  WARN 103413 --- [restartedMain] JpaBaseConfiguration$JpaWebConfiguration : spring.jpa.open-in-view is enabled by default. Therefore, database queries may be performed during view rendering. Explicitly configure spring.jpa.open-in-view to disable this warning
2024-02-23 16:32:01.373  INFO 103413 --- [restartedMain] o.s.s.web.DefaultSecurityFilterChain     : Will secure any request with [org.springframework.security.web.session.DisableEncodeUrlFilter@735f81a9, org.springframework.security.web.session.ForceEagerSessionCreationFilter@44fa20c7, org.springframework.security.web.session.ForceEagerSessionCreationFilter@56461d45, org.springframework.security.web.context.request.async.WebAsyncManagerIntegrationFilter@6b616d43, org.springframework.security.web.context.SecurityContextPersistenceFilter@81543ef, org.springframework.security.web.header.HeaderWriterFilter@718e5026, org.springframework.security.web.authentication.logout.LogoutFilter@6b673eb6, org.springframework.security.web.authentication.UsernamePasswordAuthenticationFilter@673e40ae, org.springframework.security.web.authentication.ui.DefaultLoginPageGeneratingFilter@4ca917ec, org.springframework.security.web.authentication.ui.DefaultLogoutPageGeneratingFilter@f54b0fc, org.springframework.security.web.authentication.www.BasicAuthenticationFilter@563f216a, org.springframework.security.web.savedrequest.RequestCacheAwareFilter@71b5db79, org.springframework.security.web.servletapi.SecurityContextHolderAwareRequestFilter@177f4c3f, org.springframework.security.web.authentication.AnonymousAuthenticationFilter@892a76, org.springframework.security.web.session.SessionManagementFilter@59b828ff, org.springframework.security.web.access.ExceptionTranslationFilter@7a26ae2c, org.springframework.security.web.access.intercept.FilterSecurityInterceptor@1a46c437]
2024-02-23 16:32:01.465  INFO 103413 --- [restartedMain] o.s.b.d.a.OptionalLiveReloadServer       : LiveReload server is running on port 35729
2024-02-23 16:32:01.723  INFO 103413 --- [restartedMain] o.s.b.w.embedded.tomcat.TomcatWebServer  : Tomcat started on port(s): 8080 (http) with context path ''
2024-02-23 16:32:02.259  INFO 103413 --- [restartedMain] c.t.proyectoApi.ProyectoApiApplication   : Started ProyectoApiApplication in 8.361 seconds (JVM running for 9.126)
2024-02-23 16:32:05.974  INFO 103413 --- [http-nio-8080-exec-1] o.a.c.c.C.[Tomcat].[localhost].[/]       : Initializing Spring DispatcherServlet 'dispatcherServlet'
2024-02-23 16:32:05.974  INFO 103413 --- [http-nio-8080-exec-1] o.s.web.servlet.DispatcherServlet        : Initializing Servlet 'dispatcherServlet'
2024-02-23 16:32:05.976  INFO 103413 --- [http-nio-8080-exec-1] o.s.web.servlet.DispatcherServlet        : Completed initialization in 2 ms
2024-02-23 18:17:38.429  INFO 103413 --- [SpringApplicationShutdownHook] j.LocalContainerEntityManagerFactoryBean : Closing JPA EntityManagerFactory for persistence unit 'default'
2024-02-23 18:17:38.435  INFO 103413 --- [SpringApplicationShutdownHook] com.zaxxer.hikari.HikariDataSource       : HikariPool-1 - Shutdown initiated...
2024-02-23 18:17:38.442  INFO 103413 --- [SpringApplicationShutdownHook] com.zaxxer.hikari.HikariDataSource       : HikariPool-1 - Shutdown completed.
2024-02-23 18:17:43.443  INFO 112090 --- [restartedMain] c.t.proyectoApi.ProyectoApiApplication   : Starting ProyectoApiApplication using Java 17.0.8 on jesus-HP-Pavilion-Laptop-15-cw1xxx with PID 112090 (/home/jesus/Documentos/modular/Modular-Web/JavaSpring/Psychologi2/target/classes started by jesus in /home/jesus/Documentos/modular/Modular-Web/JavaSpring/Psychologi2)
2024-02-23 18:17:43.445  INFO 112090 --- [restartedMain] c.t.proyectoApi.ProyectoApiApplication   : No active profile set, falling back to 1 default profile: "default"
2024-02-23 18:17:43.531  INFO 112090 --- [restartedMain] .e.DevToolsPropertyDefaultsPostProcessor : Devtools property defaults active! Set 'spring.devtools.add-properties' to 'false' to disable
2024-02-23 18:17:43.532  INFO 112090 --- [restartedMain] .e.DevToolsPropertyDefaultsPostProcessor : For additional web related logging consider setting the 'logging.level.web' property to 'DEBUG'
2024-02-23 18:17:44.659  INFO 112090 --- [restartedMain] .s.d.r.c.RepositoryConfigurationDelegate : Bootstrapping Spring Data JPA repositories in DEFAULT mode.
2024-02-23 18:17:44.755  INFO 112090 --- [restartedMain] .s.d.r.c.RepositoryConfigurationDelegate : Finished Spring Data repository scanning in 78 ms. Found 5 JPA repository interfaces.
2024-02-23 18:17:45.909  INFO 112090 --- [restartedMain] o.s.b.w.embedded.tomcat.TomcatWebServer  : Tomcat initialized with port(s): 8080 (http)
2024-02-23 18:17:45.928  INFO 112090 --- [restartedMain] o.apache.catalina.core.StandardService   : Starting service [Tomcat]
2024-02-23 18:17:45.929  INFO 112090 --- [restartedMain] org.apache.catalina.core.StandardEngine  : Starting Servlet engine: [Apache Tomcat/9.0.68]
2024-02-23 18:17:46.053  INFO 112090 --- [restartedMain] o.a.c.c.C.[Tomcat].[localhost].[/]       : Initializing Spring embedded WebApplicationContext
2024-02-23 18:17:46.053  INFO 112090 --- [restartedMain] w.s.c.ServletWebServerApplicationContext : Root WebApplicationContext: initialization completed in 2520 ms
2024-02-23 18:17:46.335  INFO 112090 --- [restartedMain] o.hibernate.jpa.internal.util.LogHelper  : HHH000204: Processing PersistenceUnitInfo [name: default]
2024-02-23 18:17:46.399  INFO 112090 --- [restartedMain] org.hibernate.Version                    : HHH000412: Hibernate ORM core version 5.6.12.Final
2024-02-23 18:17:46.604  INFO 112090 --- [restartedMain] o.hibernate.annotations.common.Version   : HCANN000001: Hibernate Commons Annotations {5.1.2.Final}
2024-02-23 18:17:46.744  INFO 112090 --- [restartedMain] com.zaxxer.hikari.HikariDataSource       : HikariPool-1 - Starting...
2024-02-23 18:17:47.140  INFO 112090 --- [restartedMain] com.zaxxer.hikari.HikariDataSource       : HikariPool-1 - Start completed.
2024-02-23 18:17:47.160  INFO 112090 --- [restartedMain] org.hibernate.dialect.Dialect            : HHH000400: Using dialect: org.hibernate.dialect.MySQL57Dialect
2024-02-23 18:17:48.067  INFO 112090 --- [restartedMain] o.h.e.t.j.p.i.JtaPlatformInitiator       : HHH000490: Using JtaPlatform implementation: [org.hibernate.engine.transaction.jta.platform.internal.NoJtaPlatform]
2024-02-23 18:17:48.078  INFO 112090 --- [restartedMain] j.LocalContainerEntityManagerFactoryBean : Initialized JPA EntityManagerFactory for persistence unit 'default'
2024-02-23 18:17:49.029  WARN 112090 --- [restartedMain] JpaBaseConfiguration$JpaWebConfiguration : spring.jpa.open-in-view is enabled by default. Therefore, database queries may be performed during view rendering. Explicitly configure spring.jpa.open-in-view to disable this warning
2024-02-23 18:17:49.443  INFO 112090 --- [restartedMain] o.s.s.web.DefaultSecurityFilterChain     : Will secure any request with [org.springframework.security.web.session.DisableEncodeUrlFilter@5ac9e1bb, org.springframework.security.web.session.ForceEagerSessionCreationFilter@3a89d6ad, org.springframework.security.web.session.ForceEagerSessionCreationFilter@598ff11b, org.springframework.security.web.context.request.async.WebAsyncManagerIntegrationFilter@7dd6f216, org.springframework.security.web.context.SecurityContextPersistenceFilter@51a5925, org.springframework.security.web.header.HeaderWriterFilter@489048e4, org.springframework.security.web.authentication.logout.LogoutFilter@6550f8fb, org.springframework.security.web.authentication.UsernamePasswordAuthenticationFilter@22d94962, org.springframework.security.web.authentication.ui.DefaultLoginPageGeneratingFilter@4df680b9, org.springframework.security.web.authentication.ui.DefaultLogoutPageGeneratingFilter@513bc10e, org.springframework.security.web.authentication.www.BasicAuthenticationFilter@7286b3d1, org.springframework.security.web.savedrequest.RequestCacheAwareFilter@5b7120c8, org.springframework.security.web.servletapi.SecurityContextHolderAwareRequestFilter@7dd01594, org.springframework.security.web.authentication.AnonymousAuthenticationFilter@446a36ab, org.springframework.security.web.session.SessionManagementFilter@4d7a980d, org.springframework.security.web.access.ExceptionTranslationFilter@4440e63, org.springframework.security.web.access.intercept.FilterSecurityInterceptor@53dc584b]
2024-02-23 18:17:49.532  INFO 112090 --- [restartedMain] o.s.b.d.a.OptionalLiveReloadServer       : LiveReload server is running on port 35729
2024-02-23 18:17:49.809  INFO 112090 --- [restartedMain] o.s.b.w.embedded.tomcat.TomcatWebServer  : Tomcat started on port(s): 8080 (http) with context path ''
2024-02-23 18:17:50.343  INFO 112090 --- [restartedMain] c.t.proyectoApi.ProyectoApiApplication   : Started ProyectoApiApplication in 7.558 seconds (JVM running for 8.336)
2024-02-23 18:18:35.015  INFO 112090 --- [SpringApplicationShutdownHook] j.LocalContainerEntityManagerFactoryBean : Closing JPA EntityManagerFactory for persistence unit 'default'
2024-02-23 18:18:35.036  INFO 112090 --- [SpringApplicationShutdownHook] com.zaxxer.hikari.HikariDataSource       : HikariPool-1 - Shutdown initiated...
2024-02-23 18:18:35.058  INFO 112090 --- [SpringApplicationShutdownHook] com.zaxxer.hikari.HikariDataSource       : HikariPool-1 - Shutdown completed.
2024-02-23 18:18:39.407  INFO 112338 --- [restartedMain] c.t.proyectoApi.ProyectoApiApplication   : Starting ProyectoApiApplication using Java 17.0.8 on jesus-HP-Pavilion-Laptop-15-cw1xxx with PID 112338 (/home/jesus/Documentos/modular/Modular-Web/JavaSpring/Psychologi2/target/classes started by jesus in /home/jesus/Documentos/modular/Modular-Web/JavaSpring/Psychologi2)
2024-02-23 18:18:39.410  INFO 112338 --- [restartedMain] c.t.proyectoApi.ProyectoApiApplication   : No active profile set, falling back to 1 default profile: "default"
2024-02-23 18:18:39.530  INFO 112338 --- [restartedMain] .e.DevToolsPropertyDefaultsPostProcessor : Devtools property defaults active! Set 'spring.devtools.add-properties' to 'false' to disable
2024-02-23 18:18:39.531  INFO 112338 --- [restartedMain] .e.DevToolsPropertyDefaultsPostProcessor : For additional web related logging consider setting the 'logging.level.web' property to 'DEBUG'
2024-02-23 18:18:40.742  INFO 112338 --- [restartedMain] .s.d.r.c.RepositoryConfigurationDelegate : Bootstrapping Spring Data JPA repositories in DEFAULT mode.
2024-02-23 18:18:40.830  INFO 112338 --- [restartedMain] .s.d.r.c.RepositoryConfigurationDelegate : Finished Spring Data repository scanning in 73 ms. Found 5 JPA repository interfaces.
2024-02-23 18:18:41.881  INFO 112338 --- [restartedMain] o.s.b.w.embedded.tomcat.TomcatWebServer  : Tomcat initialized with port(s): 8080 (http)
2024-02-23 18:18:41.896  INFO 112338 --- [restartedMain] o.apache.catalina.core.StandardService   : Starting service [Tomcat]
2024-02-23 18:18:41.897  INFO 112338 --- [restartedMain] org.apache.catalina.core.StandardEngine  : Starting Servlet engine: [Apache Tomcat/9.0.68]
2024-02-23 18:18:41.999  INFO 112338 --- [restartedMain] o.a.c.c.C.[Tomcat].[localhost].[/]       : Initializing Spring embedded WebApplicationContext
2024-02-23 18:18:42.000  INFO 112338 --- [restartedMain] w.s.c.ServletWebServerApplicationContext : Root WebApplicationContext: initialization completed in 2468 ms
2024-02-23 18:18:42.275  INFO 112338 --- [restartedMain] o.hibernate.jpa.internal.util.LogHelper  : HHH000204: Processing PersistenceUnitInfo [name: default]
2024-02-23 18:18:42.324  INFO 112338 --- [restartedMain] org.hibernate.Version                    : HHH000412: Hibernate ORM core version 5.6.12.Final
2024-02-23 18:18:42.512  INFO 112338 --- [restartedMain] o.hibernate.annotations.common.Version   : HCANN000001: Hibernate Commons Annotations {5.1.2.Final}
2024-02-23 18:18:42.633  INFO 112338 --- [restartedMain] com.zaxxer.hikari.HikariDataSource       : HikariPool-1 - Starting...
2024-02-23 18:18:43.029  INFO 112338 --- [restartedMain] com.zaxxer.hikari.HikariDataSource       : HikariPool-1 - Start completed.
2024-02-23 18:18:43.046  INFO 112338 --- [restartedMain] org.hibernate.dialect.Dialect            : HHH000400: Using dialect: org.hibernate.dialect.MySQL57Dialect
2024-02-23 18:18:43.922  INFO 112338 --- [restartedMain] o.h.e.t.j.p.i.JtaPlatformInitiator       : HHH000490: Using JtaPlatform implementation: [org.hibernate.engine.transaction.jta.platform.internal.NoJtaPlatform]
2024-02-23 18:18:43.930  INFO 112338 --- [restartedMain] j.LocalContainerEntityManagerFactoryBean : Initialized JPA EntityManagerFactory for persistence unit 'default'
2024-02-23 18:18:44.933  WARN 112338 --- [restartedMain] JpaBaseConfiguration$JpaWebConfiguration : spring.jpa.open-in-view is enabled by default. Therefore, database queries may be performed during view rendering. Explicitly configure spring.jpa.open-in-view to disable this warning
2024-02-23 18:18:45.360  INFO 112338 --- [restartedMain] o.s.s.web.DefaultSecurityFilterChain     : Will secure any request with [org.springframework.security.web.session.DisableEncodeUrlFilter@134c932a, org.springframework.security.web.session.ForceEagerSessionCreationFilter@b12e7ec, org.springframework.security.web.session.ForceEagerSessionCreationFilter@47bc4a77, org.springframework.security.web.context.request.async.WebAsyncManagerIntegrationFilter@6c9ffa03, org.springframework.security.web.context.SecurityContextPersistenceFilter@3bb8e26f, org.springframework.security.web.header.HeaderWriterFilter@42eee7f6, org.springframework.security.web.authentication.logout.LogoutFilter@2e27641c, org.springframework.security.web.authentication.UsernamePasswordAuthenticationFilter@7dd6f216, org.springframework.security.web.authentication.ui.DefaultLoginPageGeneratingFilter@c7e18b2, org.springframework.security.web.authentication.ui.DefaultLogoutPageGeneratingFilter@22be083d, org.springframework.security.web.authentication.www.BasicAuthenticationFilter@a1daefb, org.springframework.security.web.savedrequest.RequestCacheAwareFilter@17c38358, org.springframework.security.web.servletapi.SecurityContextHolderAwareRequestFilter@32899c25, org.springframework.security.web.authentication.AnonymousAuthenticationFilter@559c0a83, org.springframework.security.web.session.SessionManagementFilter@7119a1d7, org.springframework.security.web.access.ExceptionTranslationFilter@6d4a333b, org.springframework.security.web.access.intercept.FilterSecurityInterceptor@540694c3]
2024-02-23 18:18:45.445  INFO 112338 --- [restartedMain] o.s.b.d.a.OptionalLiveReloadServer       : LiveReload server is running on port 35729
2024-02-23 18:18:45.749  INFO 112338 --- [restartedMain] o.s.b.w.embedded.tomcat.TomcatWebServer  : Tomcat started on port(s): 8080 (http) with context path ''
2024-02-23 18:18:46.326  INFO 112338 --- [restartedMain] c.t.proyectoApi.ProyectoApiApplication   : Started ProyectoApiApplication in 7.633 seconds (JVM running for 8.465)
2024-02-23 18:18:58.983  INFO 112338 --- [SpringApplicationShutdownHook] j.LocalContainerEntityManagerFactoryBean : Closing JPA EntityManagerFactory for persistence unit 'default'
2024-02-23 18:18:58.988  INFO 112338 --- [SpringApplicationShutdownHook] com.zaxxer.hikari.HikariDataSource       : HikariPool-1 - Shutdown initiated...
2024-02-23 18:18:59.005  INFO 112338 --- [SpringApplicationShutdownHook] com.zaxxer.hikari.HikariDataSource       : HikariPool-1 - Shutdown completed.
2024-02-23 18:19:03.849  INFO 112493 --- [restartedMain] c.t.proyectoApi.ProyectoApiApplication   : Starting ProyectoApiApplication using Java 17.0.8 on jesus-HP-Pavilion-Laptop-15-cw1xxx with PID 112493 (/home/jesus/Documentos/modular/Modular-Web/JavaSpring/Psychologi2/target/classes started by jesus in /home/jesus/Documentos/modular/Modular-Web/JavaSpring/Psychologi2)
2024-02-23 18:19:03.852  INFO 112493 --- [restartedMain] c.t.proyectoApi.ProyectoApiApplication   : No active profile set, falling back to 1 default profile: "default"
2024-02-23 18:19:03.956  INFO 112493 --- [restartedMain] .e.DevToolsPropertyDefaultsPostProcessor : Devtools property defaults active! Set 'spring.devtools.add-properties' to 'false' to disable
2024-02-23 18:19:03.957  INFO 112493 --- [restartedMain] .e.DevToolsPropertyDefaultsPostProcessor : For additional web related logging consider setting the 'logging.level.web' property to 'DEBUG'
2024-02-23 18:19:05.246  INFO 112493 --- [restartedMain] .s.d.r.c.RepositoryConfigurationDelegate : Bootstrapping Spring Data JPA repositories in DEFAULT mode.
2024-02-23 18:19:05.344  INFO 112493 --- [restartedMain] .s.d.r.c.RepositoryConfigurationDelegate : Finished Spring Data repository scanning in 79 ms. Found 5 JPA repository interfaces.
2024-02-23 18:19:06.371  INFO 112493 --- [restartedMain] o.s.b.w.embedded.tomcat.TomcatWebServer  : Tomcat initialized with port(s): 8080 (http)
2024-02-23 18:19:06.386  INFO 112493 --- [restartedMain] o.apache.catalina.core.StandardService   : Starting service [Tomcat]
2024-02-23 18:19:06.386  INFO 112493 --- [restartedMain] org.apache.catalina.core.StandardEngine  : Starting Servlet engine: [Apache Tomcat/9.0.68]
2024-02-23 18:19:06.482  INFO 112493 --- [restartedMain] o.a.c.c.C.[Tomcat].[localhost].[/]       : Initializing Spring embedded WebApplicationContext
2024-02-23 18:19:06.482  INFO 112493 --- [restartedMain] w.s.c.ServletWebServerApplicationContext : Root WebApplicationContext: initialization completed in 2524 ms
2024-02-23 18:19:06.740  INFO 112493 --- [restartedMain] o.hibernate.jpa.internal.util.LogHelper  : HHH000204: Processing PersistenceUnitInfo [name: default]
2024-02-23 18:19:06.791  INFO 112493 --- [restartedMain] org.hibernate.Version                    : HHH000412: Hibernate ORM core version 5.6.12.Final
2024-02-23 18:19:07.019  INFO 112493 --- [restartedMain] o.hibernate.annotations.common.Version   : HCANN000001: Hibernate Commons Annotations {5.1.2.Final}
2024-02-23 18:19:07.180  INFO 112493 --- [restartedMain] com.zaxxer.hikari.HikariDataSource       : HikariPool-1 - Starting...
2024-02-23 18:19:07.554  INFO 112493 --- [restartedMain] com.zaxxer.hikari.HikariDataSource       : HikariPool-1 - Start completed.
2024-02-23 18:19:07.574  INFO 112493 --- [restartedMain] org.hibernate.dialect.Dialect            : HHH000400: Using dialect: org.hibernate.dialect.MySQL57Dialect
2024-02-23 18:19:08.443  INFO 112493 --- [restartedMain] o.h.e.t.j.p.i.JtaPlatformInitiator       : HHH000490: Using JtaPlatform implementation: [org.hibernate.engine.transaction.jta.platform.internal.NoJtaPlatform]
2024-02-23 18:19:08.452  INFO 112493 --- [restartedMain] j.LocalContainerEntityManagerFactoryBean : Initialized JPA EntityManagerFactory for persistence unit 'default'
2024-02-23 18:19:09.365  WARN 112493 --- [restartedMain] JpaBaseConfiguration$JpaWebConfiguration : spring.jpa.open-in-view is enabled by default. Therefore, database queries may be performed during view rendering. Explicitly configure spring.jpa.open-in-view to disable this warning
2024-02-23 18:19:09.783  INFO 112493 --- [restartedMain] o.s.s.web.DefaultSecurityFilterChain     : Will secure any request with [org.springframework.security.web.session.DisableEncodeUrlFilter@146dd0ec, org.springframework.security.web.session.ForceEagerSessionCreationFilter@3c706bad, org.springframework.security.web.session.ForceEagerSessionCreationFilter@c80d8b5, org.springframework.security.web.context.request.async.WebAsyncManagerIntegrationFilter@363a034e, org.springframework.security.web.context.SecurityContextPersistenceFilter@2bf75986, org.springframework.security.web.header.HeaderWriterFilter@c7e18b2, org.springframework.security.web.authentication.logout.LogoutFilter@490e950b, org.springframework.security.web.authentication.UsernamePasswordAuthenticationFilter@22be083d, org.springframework.security.web.authentication.ui.DefaultLoginPageGeneratingFilter@20d5ff95, org.springframework.security.web.authentication.ui.DefaultLogoutPageGeneratingFilter@137527ea, org.springframework.security.web.authentication.www.BasicAuthenticationFilter@5f3aaf52, org.springframework.security.web.savedrequest.RequestCacheAwareFilter@6f24ccef, org.springframework.security.web.servletapi.SecurityContextHolderAwareRequestFilter@656be4ce, org.springframework.security.web.authentication.AnonymousAuthenticationFilter@69656fd8, org.springframework.security.web.session.SessionManagementFilter@13211980, org.springframework.security.web.access.ExceptionTranslationFilter@49516ac3, org.springframework.security.web.access.intercept.FilterSecurityInterceptor@a1daefb]
2024-02-23 18:19:09.895  INFO 112493 --- [restartedMain] o.s.b.d.a.OptionalLiveReloadServer       : LiveReload server is running on port 35729
2024-02-23 18:19:10.172  INFO 112493 --- [restartedMain] o.s.b.w.embedded.tomcat.TomcatWebServer  : Tomcat started on port(s): 8080 (http) with context path ''
2024-02-23 18:19:10.671  INFO 112493 --- [restartedMain] c.t.proyectoApi.ProyectoApiApplication   : Started ProyectoApiApplication in 7.442 seconds (JVM running for 8.156)
2024-02-23 18:19:14.366  INFO 112493 --- [http-nio-8080-exec-1] o.a.c.c.C.[Tomcat].[localhost].[/]       : Initializing Spring DispatcherServlet 'dispatcherServlet'
2024-02-23 18:19:14.366  INFO 112493 --- [http-nio-8080-exec-1] o.s.web.servlet.DispatcherServlet        : Initializing Servlet 'dispatcherServlet'
2024-02-23 18:19:14.368  INFO 112493 --- [http-nio-8080-exec-1] o.s.web.servlet.DispatcherServlet        : Completed initialization in 2 ms
2024-02-23 18:34:40.772  INFO 112493 --- [SpringApplicationShutdownHook] j.LocalContainerEntityManagerFactoryBean : Closing JPA EntityManagerFactory for persistence unit 'default'
2024-02-23 18:34:40.776  INFO 112493 --- [SpringApplicationShutdownHook] com.zaxxer.hikari.HikariDataSource       : HikariPool-1 - Shutdown initiated...
2024-02-23 18:34:40.786  INFO 112493 --- [SpringApplicationShutdownHook] com.zaxxer.hikari.HikariDataSource       : HikariPool-1 - Shutdown completed.
2024-02-23 18:34:53.369  INFO 113942 --- [restartedMain] c.t.proyectoApi.ProyectoApiApplication   : Starting ProyectoApiApplication using Java 17.0.8 on jesus-HP-Pavilion-Laptop-15-cw1xxx with PID 113942 (/home/jesus/Documentos/modular/Modular-Web/JavaSpring/Psychologi2/target/classes started by jesus in /home/jesus/Documentos/modular/Modular-Web/JavaSpring/Psychologi2)
2024-02-23 18:34:53.372  INFO 113942 --- [restartedMain] c.t.proyectoApi.ProyectoApiApplication   : No active profile set, falling back to 1 default profile: "default"
2024-02-23 18:34:53.500  INFO 113942 --- [restartedMain] .e.DevToolsPropertyDefaultsPostProcessor : Devtools property defaults active! Set 'spring.devtools.add-properties' to 'false' to disable
2024-02-23 18:34:53.501  INFO 113942 --- [restartedMain] .e.DevToolsPropertyDefaultsPostProcessor : For additional web related logging consider setting the 'logging.level.web' property to 'DEBUG'
2024-02-23 18:34:54.938  INFO 113942 --- [restartedMain] .s.d.r.c.RepositoryConfigurationDelegate : Bootstrapping Spring Data JPA repositories in DEFAULT mode.
2024-02-23 18:34:55.102  INFO 113942 --- [restartedMain] .s.d.r.c.RepositoryConfigurationDelegate : Finished Spring Data repository scanning in 141 ms. Found 5 JPA repository interfaces.
2024-02-23 18:34:56.863  INFO 113942 --- [restartedMain] o.s.b.w.embedded.tomcat.TomcatWebServer  : Tomcat initialized with port(s): 8080 (http)
2024-02-23 18:34:56.882  INFO 113942 --- [restartedMain] o.apache.catalina.core.StandardService   : Starting service [Tomcat]
2024-02-23 18:34:56.882  INFO 113942 --- [restartedMain] org.apache.catalina.core.StandardEngine  : Starting Servlet engine: [Apache Tomcat/9.0.68]
2024-02-23 18:34:56.998  INFO 113942 --- [restartedMain] o.a.c.c.C.[Tomcat].[localhost].[/]       : Initializing Spring embedded WebApplicationContext
2024-02-23 18:34:56.999  INFO 113942 --- [restartedMain] w.s.c.ServletWebServerApplicationContext : Root WebApplicationContext: initialization completed in 3496 ms
2024-02-23 18:34:57.378  INFO 113942 --- [restartedMain] o.hibernate.jpa.internal.util.LogHelper  : HHH000204: Processing PersistenceUnitInfo [name: default]
2024-02-23 18:34:57.462  INFO 113942 --- [restartedMain] org.hibernate.Version                    : HHH000412: Hibernate ORM core version 5.6.12.Final
2024-02-23 18:34:57.775  INFO 113942 --- [restartedMain] o.hibernate.annotations.common.Version   : HCANN000001: Hibernate Commons Annotations {5.1.2.Final}
2024-02-23 18:34:57.951  INFO 113942 --- [restartedMain] com.zaxxer.hikari.HikariDataSource       : HikariPool-1 - Starting...
2024-02-23 18:34:58.459  INFO 113942 --- [restartedMain] com.zaxxer.hikari.HikariDataSource       : HikariPool-1 - Start completed.
2024-02-23 18:34:58.480  INFO 113942 --- [restartedMain] org.hibernate.dialect.Dialect            : HHH000400: Using dialect: org.hibernate.dialect.MySQL57Dialect
2024-02-23 18:34:59.515  INFO 113942 --- [restartedMain] o.h.e.t.j.p.i.JtaPlatformInitiator       : HHH000490: Using JtaPlatform implementation: [org.hibernate.engine.transaction.jta.platform.internal.NoJtaPlatform]
2024-02-23 18:34:59.530  INFO 113942 --- [restartedMain] j.LocalContainerEntityManagerFactoryBean : Initialized JPA EntityManagerFactory for persistence unit 'default'
2024-02-23 18:35:00.731  WARN 113942 --- [restartedMain] JpaBaseConfiguration$JpaWebConfiguration : spring.jpa.open-in-view is enabled by default. Therefore, database queries may be performed during view rendering. Explicitly configure spring.jpa.open-in-view to disable this warning
2024-02-23 18:35:01.266  INFO 113942 --- [restartedMain] o.s.s.web.DefaultSecurityFilterChain     : Will secure any request with [org.springframework.security.web.session.DisableEncodeUrlFilter@44d84b86, org.springframework.security.web.session.ForceEagerSessionCreationFilter@4ce0333d, org.springframework.security.web.session.ForceEagerSessionCreationFilter@21cf22ca, org.springframework.security.web.context.request.async.WebAsyncManagerIntegrationFilter@21d94032, org.springframework.security.web.context.SecurityContextPersistenceFilter@5cbdf0b8, org.springframework.security.web.header.HeaderWriterFilter@6c576b4b, org.springframework.security.web.authentication.logout.LogoutFilter@16fa6803, org.springframework.security.web.authentication.UsernamePasswordAuthenticationFilter@103f5e65, org.springframework.security.web.authentication.ui.DefaultLoginPageGeneratingFilter@36526803, org.springframework.security.web.authentication.ui.DefaultLogoutPageGeneratingFilter@2377b3fb, org.springframework.security.web.authentication.www.BasicAuthenticationFilter@47e5463d, org.springframework.security.web.savedrequest.RequestCacheAwareFilter@4ad1d776, org.springframework.security.web.servletapi.SecurityContextHolderAwareRequestFilter@12507594, org.springframework.security.web.authentication.AnonymousAuthenticationFilter@25755868, org.springframework.security.web.session.SessionManagementFilter@2a680f3e, org.springframework.security.web.access.ExceptionTranslationFilter@3c0e65c1, org.springframework.security.web.access.intercept.FilterSecurityInterceptor@694a75a4]
2024-02-23 18:35:01.374  INFO 113942 --- [restartedMain] o.s.b.d.a.OptionalLiveReloadServer       : LiveReload server is running on port 35729
2024-02-23 18:35:01.719  INFO 113942 --- [restartedMain] o.s.b.w.embedded.tomcat.TomcatWebServer  : Tomcat started on port(s): 8080 (http) with context path ''
2024-02-23 18:35:02.411  INFO 113942 --- [restartedMain] c.t.proyectoApi.ProyectoApiApplication   : Started ProyectoApiApplication in 9.71 seconds (JVM running for 11.715)
2024-02-23 18:35:07.802  INFO 113942 --- [http-nio-8080-exec-1] o.a.c.c.C.[Tomcat].[localhost].[/]       : Initializing Spring DispatcherServlet 'dispatcherServlet'
2024-02-23 18:35:07.803  INFO 113942 --- [http-nio-8080-exec-1] o.s.web.servlet.DispatcherServlet        : Initializing Servlet 'dispatcherServlet'
2024-02-23 18:35:07.804  INFO 113942 --- [http-nio-8080-exec-1] o.s.web.servlet.DispatcherServlet        : Completed initialization in 1 ms
2024-02-23 18:39:24.574  INFO 113942 --- [SpringApplicationShutdownHook] j.LocalContainerEntityManagerFactoryBean : Closing JPA EntityManagerFactory for persistence unit 'default'
2024-02-23 18:39:24.579  INFO 113942 --- [SpringApplicationShutdownHook] com.zaxxer.hikari.HikariDataSource       : HikariPool-1 - Shutdown initiated...
2024-02-23 18:39:24.592  INFO 113942 --- [SpringApplicationShutdownHook] com.zaxxer.hikari.HikariDataSource       : HikariPool-1 - Shutdown completed.
